<?xml version="1.0" encoding="UTF-8"?>
<!-- Generated by org.testng.reporters.JUnitXMLReporter -->
<testsuite ignored="1" hostname="LAPTOP-GH9GCSMR" failures="0" tests="1" name="Default test" time="53.181" errors="0" timestamp="2024-01-24T21:56:11 EST">
  <testcase classname="createTest.CreateContactTestWithBaseClass" name="ContactTest" time="24.417"/>
  <testcase classname="createTest.CreateContactTestWithBaseClass" name="demoTst" time="0.0">
    <ignored/>
  </testcase> <!-- demoTst -->
</testsuite> <!-- Default test -->
