<?xml version="1.0" encoding="UTF-8"?>
<!-- Generated by org.testng.reporters.JUnitXMLReporter -->
<testsuite ignored="2" hostname="LAPTOP-GH9GCSMR" failures="2" tests="4" name="Test" time="65.934" errors="0" timestamp="2024-01-09T14:35:32 EST">
  <testcase classname="createTest.CreateContactTestWithLeadSourceWithBaseClass" name="CreateContactTestWithLeadSource" time="16.215"/>
  <testcase classname="createTest.CreateContactTestWithLeadSourceWithBaseClass" name="demoTst" time="0.003">
    <failure type="java.lang.AssertionError" message="null">
      <![CDATA[java.lang.AssertionError: null
at createTest.CreateContactTestWithLeadSourceWithBaseClass.demoTst(CreateContactTestWithLeadSourceWithBaseClass.java:57)
at java.base/java.util.ArrayList.forEach(ArrayList.java:1511)
... Removed 29 stack frames]]>
    </failure>
  </testcase> <!-- demoTst -->
  <testcase classname="createTest.CreateContactTestWithBaseClass" name="ContactTest" time="12.469"/>
  <testcase classname="createTest.CreateContactTestWithBaseClass" name="demoTst" time="0.003">
    <failure type="java.lang.AssertionError" message="null">
      <![CDATA[java.lang.AssertionError: null
at createTest.CreateContactTestWithBaseClass.demoTst(CreateContactTestWithBaseClass.java:56)
at java.base/java.util.ArrayList.forEach(ArrayList.java:1511)
... Removed 29 stack frames]]>
    </failure>
  </testcase> <!-- demoTst -->
  <testcase classname="genericUtilities.BaseClass" name="@BeforeSuite bsConfig" time="0.0">
    <ignored/>
  </testcase> <!-- @BeforeSuite bsConfig -->
  <testcase classname="genericUtilities.BaseClass" name="@AfterSuite asConfig" time="0.0">
    <ignored/>
  </testcase> <!-- @AfterSuite asConfig -->
</testsuite> <!-- Test -->
