<?xml version="1.0" encoding="UTF-8"?>
<testng-results ignored="0" total="1" passed="1" failed="0" skipped="0">
  <reporter-output>
  </reporter-output>
  <suite started-at="2024-01-15T21:29:25 EST" name="Default suite" finished-at="2024-01-15T21:29:25 EST" duration-ms="45">
    <groups>
    </groups>
    <test started-at="2024-01-15T21:29:25 EST" name="Default test" finished-at="2024-01-15T21:29:25 EST" duration-ms="45">
      <class name="practice.ReadDataFromCmdLine">
        <test-method signature="sample()[pri:0, instance:practice.ReadDataFromCmdLine@4659191b]" started-at="2024-01-15T21:29:25 EST" name="sample" finished-at="2024-01-15T21:29:25 EST" duration-ms="7" status="PASS">
          <reporter-output>
          </reporter-output>
        </test-method> <!-- sample -->
      </class> <!-- practice.ReadDataFromCmdLine -->
    </test> <!-- Default test -->
  </suite> <!-- Default suite -->
</testng-results>
